[2023-06-21T07:29:10.355895Z][ERROR][tid:0][Launcher.cpp:1568][Launcher] RoadRunner Main initiated at:4571201113565
[2023-06-21T07:29:10.356137Z][VERBOSE][tid:0][Launcher.cpp:116][Launcher] Predefined device type not used outside of dual mode
[2023-06-21T07:29:10.356239Z][DEBUG][tid:0][Launcher.cpp:1575][Launcher] Launcher Arguments:
[2023-06-21T07:29:10.356251Z][DEBUG][tid:0][Launcher.cpp:1576][Launcher] --amend=
--app_parameter=
--autolanechange=0
--base_port=
--binPath=/usr/local/driveworks/bin
--calibrationOverlayFile=
--checkMemLeak=0
--configOverlayFile=
--configOverlayName=
--datapath=/target/aarch64/install/data/common_cgf_app
--disableParamServiceThread=
--disableStmControlLogger=1
--disablefaulthandler=0
--ds2_control=
--dumpamend=0
--dwdatapath=/target/aarch64/install/data
--enable-SEH-SSM=0
--enable-ssm-degradation=0
--enable_max_time_diff_check=0
--end_timestamp=0
--frame=
--fullscreen=0
--gdb_debug=0
--initSerialize=0
--instantiate_rig_sensors=
--lockstep_deterministic_replay=
--logPath=/target/aarch64/install/LogFolder/common_cgf_app/Helloworld
--logSpec=console
--loglevel=DW_LOG_VERBOSE
--loop=0
--mapPath=maps/sample/sanjose_loop
--memTraceEnabled=0
--memwatch_frames=
--navRoute=
--ncuProfileFrames=
--offscreen=0
--path=/usr/local/driveworks/bin
--postInitSerialize=0
--preInitSerialize=0
--rc2f=
--region=
--resetSerialize=0
--rig=
--schedule=/target/aarch64/install/bin/common_cgf_app/DWCGFHelloworld__standardSchedule.stm
--sehFailureMask=
--service-framework=0
--shadow=
--sm_init_timeout=0
--spec=/target/aarch64/install/graphs/common_cgf_app/appHelloworld/DWCGFHelloworld.app.json
--start_timestamp=0
--stmControlTracing=1
--stm_discriminator=
--time_multiplier=
--traceChannelMask=0x0001
--traceFilePath=
--traceLevel=10
--useDynamicMap=0
--useNominalTransform=0
--vdcpath=/usr/local/driveworks/bin
--vinOverlayFile=
--virtual=0
--virtual_time=
--winSizeH=1200
--winSizeW=1920

[2023-06-21T07:29:10.356289Z][DEBUG][tid:0][Launcher.cpp:1586][Launcher] SWC Arguments:
[2023-06-21T07:29:10.356297Z][DEBUG][tid:0][Launcher.cpp:1587][Launcher] --amend=
--app_parameter=
--autolanechange=0
--calibrationOverlayFile=
--configOverlayFile=
--configOverlayName=
--datapath=/target/aarch64/install/data/common_cgf_app
--disableParamServiceThread=
--disableStmControlLogger=1
--disablefaulthandler=0
--ds2_control=
--dumpamend=0
--dwdatapath=/target/aarch64/install/data
--enable_max_time_diff_check=0
--end_timestamp=0
--frame=
--fullscreen=0
--initSerialize=0
--instantiate_rig_sensors=
--lockstep_deterministic_replay=
--logPath=/target/aarch64/install/LogFolder/common_cgf_app/Helloworld
--loglevel=DW_LOG_VERBOSE
--loop=0
--mapPath=maps/sample/sanjose_loop
--memwatch_frames=
--ncuProfileFrames=
--offscreen=0
--path=/usr/local/driveworks/bin
--postInitSerialize=0
--preInitSerialize=0
--rc2f=
--region=
--resetSerialize=0
--rig=
--shadow=
--spec=/target/aarch64/install/graphs/common_cgf_app/appHelloworld/DWCGFHelloworld.app.json
--start_timestamp=0
--stm_discriminator=
--time_multiplier=
--useDynamicMap=0
--useNominalTransform=0
--vdcpath=/usr/local/driveworks/bin
--vinOverlayFile=
--virtual=0
--virtual_time=
--winSizeH=1200
--winSizeW=1920

[2023-06-21T07:29:10.356665Z][DEBUG][tid:0][LaunchSpecReader.cpp:1699][JsonSystemReader] [JsonSystemReader] LaunchSpec version: 2
[2023-06-21T07:29:10.365435Z][ERROR][tid:0][LaunchSpecReader.cpp:2383][JsonSystemReader] mapManager not found
[2023-06-21T07:29:10.365939Z][DEBUG][tid:0][LaunchSpecReader.cpp:1884][JsonSystemReader] [JsonSystemReader] ScheduleKey: standardSchedule id: 0
[2023-06-21T07:29:10.365957Z][DEBUG][tid:0][LaunchSpecReader.cpp:1884][JsonSystemReader] [JsonSystemReader] ScheduleKey: standardSchedule id: 1
[2023-06-21T07:29:10.365965Z][DEBUG][tid:0][LaunchSpecReader.cpp:1884][JsonSystemReader] [JsonSystemReader] ScheduleKey: standardSchedule id: 2
[2023-06-21T07:29:10.365972Z][DEBUG][tid:0][LaunchSpecReader.cpp:1884][JsonSystemReader] [JsonSystemReader] ScheduleKey: standardSchedule id: 3
[2023-06-21T07:29:10.366237Z][DEBUG][tid:0][Launcher.cpp:362][Launcher] Schedule Switching Param enabled:  --enableScheduleSwitching=true
[2023-06-21T07:29:10.366422Z][ERROR][tid:0][Launcher.cpp:1746][Launcher] Unlink ret: 0, 0
[2023-06-21T07:29:10.366448Z][DEBUG][tid:0][Launcher.cpp:657][Launcher] Launching app ssm
[2023-06-21T07:29:10.367837Z][DEBUG][tid:0][Launcher.cpp:737][Launcher] Launching app helloworld_process0
[2023-06-21T07:29:10.368201Z][DEBUG][tid:0][Launcher.cpp:661][Launcher] ssm exe: /usr/local/driveworks/bin/xplatform_ssm_demo1
[2023-06-21T07:29:10.368657Z][DEBUG][tid:0][Launcher.cpp:737][Launcher] Launching app schedule_manager
[2023-06-21T07:29:10.369050Z][DEBUG][tid:0][Launcher.cpp:608][Launcher] ssm arg[0]: /usr/local/driveworks/bin/xplatform_ssm_demo1
[2023-06-21T07:29:10.369175Z][DEBUG][tid:0][Launcher.cpp:742][Launcher] helloworld_process0 exe: /usr/local/driveworks/bin/LoaderLite
[2023-06-21T07:29:10.369502Z][DEBUG][tid:0][Launcher.cpp:487][Launcher] Skipped app: ssm. Skip type: ssm
[2023-06-21T07:29:10.369548Z][DEBUG][tid:0][Launcher.cpp:737][Launcher] Launching app stm_master
[2023-06-21T07:29:10.369648Z][DEBUG][tid:0][Launcher.cpp:742][Launcher] schedule_manager exe: /usr/local/driveworks/bin/ScheduleManager
[2023-06-21T07:29:10.370053Z][DEBUG][tid:0][Launcher.cpp:608][Launcher] schedule_manager arg[0]: /usr/local/driveworks/bin/ScheduleManager
[2023-06-21T07:29:10.370072Z][DEBUG][tid:0][Launcher.cpp:608][Launcher] schedule_manager arg[1]: --launchspec=/target/aarch64/install/LogFolder/common_cgf_app/Helloworld/dumpLaunchSpec.json
[2023-06-21T07:29:10.370087Z][DEBUG][tid:0][Launcher.cpp:608][Launcher] schedule_manager arg[2]: --loglevel=DW_LOG_VERBOSE
[2023-06-21T07:29:10.370094Z][DEBUG][tid:0][Launcher.cpp:608][Launcher] schedule_manager arg[3]: --enableScheduleSwitching=true
[2023-06-21T07:29:10.370102Z][DEBUG][tid:0][Launcher.cpp:608][Launcher] schedule_manager arg[4]: --scheduleManagerHostIP=127.0.0.1
[2023-06-21T07:29:10.370107Z][DEBUG][tid:0][Launcher.cpp:608][Launcher] schedule_manager arg[5]: --scheduleManagerHostPort=40100
[2023-06-21T07:29:10.370111Z][DEBUG][tid:0][Launcher.cpp:608][Launcher] schedule_manager arg[6]: --scheduleManagerNumClients=1
[2023-06-21T07:29:10.370115Z][DEBUG][tid:0][Launcher.cpp:608][Launcher] schedule_manager arg[7]: --logspec=file/rfc5424.user.schedule_manager:/target/aarch64/install/LogFolder/common_cgf_app/Helloworld/schedule_manager.log
[2023-06-21T07:29:10.370124Z][DEBUG][tid:0][Launcher.cpp:608][Launcher] schedule_manager arg[8]: --schedule-manager-name=CGF-ScheduleManager
[2023-06-21T07:29:10.370113Z][DEBUG][tid:0][Launcher.cpp:608][Launcher] helloworld_process0 arg[0]: /usr/local/driveworks/bin/LoaderLite
[2023-06-21T07:29:10.370190Z][DEBUG][tid:0][Launcher.cpp:608][Launcher] helloworld_process0 arg[1]: --swcid=helloworld_process0
[2023-06-21T07:29:10.370226Z][DEBUG][tid:0][Launcher.cpp:608][Launcher] helloworld_process0 arg[2]: --libname=RuntimeGraphlet
[2023-06-21T07:29:10.370249Z][DEBUG][tid:0][Launcher.cpp:608][Launcher] helloworld_process0 arg[3]: --modulename=helloworld_process0
[2023-06-21T07:29:10.370283Z][DEBUG][tid:0][Launcher.cpp:608][Launcher] helloworld_process0 arg[4]: --launchspec=/target/aarch64/install/LogFolder/common_cgf_app/Helloworld/dumpLaunchSpec.json
[2023-06-21T07:29:10.370316Z][DEBUG][tid:0][Launcher.cpp:608][Launcher] helloworld_process0 arg[5]: --amend=
[2023-06-21T07:29:10.370315Z][DEBUG][tid:0][Launcher.cpp:820][Launcher] All apps are launched.
[2023-06-21T07:29:10.370378Z][DEBUG][tid:0][Launcher.cpp:608][Launcher] helloworld_process0 arg[6]: --app_parameter=
[2023-06-21T07:29:10.370499Z][DEBUG][tid:0][Launcher.cpp:608][Launcher] helloworld_process0 arg[7]: --autolanechange=0
[2023-06-21T07:29:10.370524Z][DEBUG][tid:0][Launcher.cpp:608][Launcher] helloworld_process0 arg[8]: --calibrationOverlayFile=
[2023-06-21T07:29:10.370558Z][DEBUG][tid:0][Launcher.cpp:608][Launcher] helloworld_process0 arg[9]: --configOverlayFile=
[2023-06-21T07:29:10.370576Z][DEBUG][tid:0][Launcher.cpp:608][Launcher] helloworld_process0 arg[10]: --configOverlayName=
[2023-06-21T07:29:10.370596Z][DEBUG][tid:0][Launcher.cpp:608][Launcher] helloworld_process0 arg[11]: --datapath=/target/aarch64/install/data/common_cgf_app
[2023-06-21T07:29:10.370669Z][DEBUG][tid:0][Launcher.cpp:608][Launcher] helloworld_process0 arg[12]: --disableParamServiceThread=
[2023-06-21T07:29:10.370691Z][DEBUG][tid:0][Launcher.cpp:608][Launcher] helloworld_process0 arg[13]: --disableStmControlLogger=1
[2023-06-21T07:29:10.370707Z][DEBUG][tid:0][Launcher.cpp:608][Launcher] helloworld_process0 arg[14]: --disablefaulthandler=0
[2023-06-21T07:29:10.370723Z][DEBUG][tid:0][Launcher.cpp:608][Launcher] helloworld_process0 arg[15]: --ds2_control=
[2023-06-21T07:29:10.370823Z][DEBUG][tid:0][Launcher.cpp:608][Launcher] helloworld_process0 arg[16]: --dumpamend=0
[2023-06-21T07:29:10.370864Z][DEBUG][tid:0][Launcher.cpp:608][Launcher] helloworld_process0 arg[17]: --dwdatapath=/target/aarch64/install/data
[2023-06-21T07:29:10.370885Z][DEBUG][tid:0][Launcher.cpp:608][Launcher] helloworld_process0 arg[18]: --enable_max_time_diff_check=0
[2023-06-21T07:29:10.370903Z][DEBUG][tid:0][Launcher.cpp:608][Launcher] helloworld_process0 arg[19]: --end_timestamp=0
[2023-06-21T07:29:10.370919Z][DEBUG][tid:0][Launcher.cpp:608][Launcher] helloworld_process0 arg[20]: --frame=
[2023-06-21T07:29:10.370935Z][DEBUG][tid:0][Launcher.cpp:608][Launcher] helloworld_process0 arg[21]: --fullscreen=0
[2023-06-21T07:29:10.370956Z][DEBUG][tid:0][Launcher.cpp:608][Launcher] helloworld_process0 arg[22]: --initSerialize=0
[2023-06-21T07:29:10.370972Z][DEBUG][tid:0][Launcher.cpp:608][Launcher] helloworld_process0 arg[23]: --instantiate_rig_sensors=
[2023-06-21T07:29:10.370988Z][DEBUG][tid:0][Launcher.cpp:608][Launcher] helloworld_process0 arg[24]: --lockstep_deterministic_replay=
[2023-06-21T07:29:10.371004Z][DEBUG][tid:0][Launcher.cpp:608][Launcher] helloworld_process0 arg[25]: --logPath=/target/aarch64/install/LogFolder/common_cgf_app/Helloworld
[2023-06-21T07:29:10.371038Z][DEBUG][tid:0][Launcher.cpp:608][Launcher] helloworld_process0 arg[26]: --loglevel=DW_LOG_VERBOSE
[2023-06-21T07:29:10.371056Z][DEBUG][tid:0][Launcher.cpp:608][Launcher] helloworld_process0 arg[27]: --loop=0
[2023-06-21T07:29:10.371073Z][DEBUG][tid:0][Launcher.cpp:608][Launcher] helloworld_process0 arg[28]: --mapPath=maps/sample/sanjose_loop
[2023-06-21T07:29:10.371090Z][DEBUG][tid:0][Launcher.cpp:608][Launcher] helloworld_process0 arg[29]: --memwatch_frames=
[2023-06-21T07:29:10.371108Z][DEBUG][tid:0][Launcher.cpp:608][Launcher] helloworld_process0 arg[30]: --ncuProfileFrames=
[2023-06-21T07:29:10.371123Z][DEBUG][tid:0][Launcher.cpp:608][Launcher] helloworld_process0 arg[31]: --offscreen=0
[2023-06-21T07:29:10.370924Z][DEBUG][tid:0][Launcher.cpp:742][Launcher] stm_master exe: /usr/local/driveworks/bin/stm_master
[2023-06-21T07:29:10.371140Z][DEBUG][tid:0][Launcher.cpp:608][Launcher] helloworld_process0 arg[32]: --path=/usr/local/driveworks/bin
[2023-06-21T07:29:10.371303Z][DEBUG][tid:0][Launcher.cpp:608][Launcher] helloworld_process0 arg[33]: --postInitSerialize=0
[2023-06-21T07:29:10.371328Z][DEBUG][tid:0][Launcher.cpp:608][Launcher] helloworld_process0 arg[34]: --preInitSerialize=0
[2023-06-21T07:29:10.371346Z][DEBUG][tid:0][Launcher.cpp:608][Launcher] helloworld_process0 arg[35]: --rc2f=
[2023-06-21T07:29:10.371362Z][DEBUG][tid:0][Launcher.cpp:608][Launcher] helloworld_process0 arg[36]: --region=
[2023-06-21T07:29:10.371378Z][DEBUG][tid:0][Launcher.cpp:608][Launcher] helloworld_process0 arg[37]: --resetSerialize=0
[2023-06-21T07:29:10.371394Z][DEBUG][tid:0][Launcher.cpp:608][Launcher] helloworld_process0 arg[38]: --rig=
[2023-06-21T07:29:10.371409Z][DEBUG][tid:0][Launcher.cpp:608][Launcher] helloworld_process0 arg[39]: --shadow=
[2023-06-21T07:29:10.371426Z][DEBUG][tid:0][Launcher.cpp:608][Launcher] helloworld_process0 arg[40]: --spec=/target/aarch64/install/graphs/common_cgf_app/appHelloworld/DWCGFHelloworld.app.json
[2023-06-21T07:29:10.371442Z][DEBUG][tid:0][Launcher.cpp:608][Launcher] helloworld_process0 arg[41]: --start_timestamp=0
[2023-06-21T07:29:10.371459Z][DEBUG][tid:0][Launcher.cpp:608][Launcher] helloworld_process0 arg[42]: --stm_discriminator=
[2023-06-21T07:29:10.371475Z][DEBUG][tid:0][Launcher.cpp:608][Launcher] helloworld_process0 arg[43]: --time_multiplier=
[2023-06-21T07:29:10.371530Z][DEBUG][tid:0][Launcher.cpp:608][Launcher] helloworld_process0 arg[44]: --useDynamicMap=0
[2023-06-21T07:29:10.371551Z][DEBUG][tid:0][Launcher.cpp:608][Launcher] helloworld_process0 arg[45]: --useNominalTransform=0
[2023-06-21T07:29:10.371568Z][DEBUG][tid:0][Launcher.cpp:608][Launcher] helloworld_process0 arg[46]: --vdcpath=/usr/local/driveworks/bin
[2023-06-21T07:29:10.371586Z][DEBUG][tid:0][Launcher.cpp:608][Launcher] helloworld_process0 arg[47]: --vinOverlayFile=
[2023-06-21T07:29:10.371602Z][DEBUG][tid:0][Launcher.cpp:608][Launcher] helloworld_process0 arg[48]: --virtual=0
[2023-06-21T07:29:10.371618Z][DEBUG][tid:0][Launcher.cpp:608][Launcher] helloworld_process0 arg[49]: --virtual_time=
[2023-06-21T07:29:10.371633Z][DEBUG][tid:0][Launcher.cpp:608][Launcher] helloworld_process0 arg[50]: --winSizeH=1200
[2023-06-21T07:29:10.371649Z][DEBUG][tid:0][Launcher.cpp:608][Launcher] helloworld_process0 arg[51]: --winSizeW=1920
[2023-06-21T07:29:10.371666Z][DEBUG][tid:0][Launcher.cpp:608][Launcher] helloworld_process0 arg[52]: --logspec=file/rfc5424.user.helloworld_process0:/target/aarch64/install/LogFolder/common_cgf_app/Helloworld/helloworld_process0.log
[2023-06-21T07:29:10.371987Z][DEBUG][tid:0][Launcher.cpp:608][Launcher] stm_master arg[0]: /usr/local/driveworks/bin/stm_master
[2023-06-21T07:29:10.372070Z][DEBUG][tid:0][Launcher.cpp:608][Launcher] stm_master arg[1]: --schedule=/target/aarch64/install/bin/common_cgf_app/DWCGFHelloworld__standardSchedule.stm
[2023-06-21T07:29:10.372132Z][DEBUG][tid:0][Launcher.cpp:608][Launcher] stm_master arg[2]: --allow-unregistered-runnables
[2023-06-21T07:29:10.372157Z][DEBUG][tid:0][Launcher.cpp:608][Launcher] stm_master arg[3]: --soc=TegraA
[2023-06-21T07:29:10.372208Z][DEBUG][tid:0][Launcher.cpp:608][Launcher] stm_master arg[4]: --timeout-us=60000000
[2023-06-21T07:29:10.372243Z][DEBUG][tid:0][Launcher.cpp:608][Launcher] stm_master arg[5]: -m
[2023-06-21T07:29:10.372269Z][DEBUG][tid:0][Launcher.cpp:608][Launcher] stm_master arg[6]: -v
[2023-06-21T07:29:10.372291Z][DEBUG][tid:0][Launcher.cpp:608][Launcher] stm_master arg[7]: --schedule-manager-name=CGF-ScheduleManager
[2023-06-21T07:29:10.372315Z][DEBUG][tid:0][Launcher.cpp:608][Launcher] stm_master arg[8]: --num-input-schedule=1


--------------------------------------------------------------
WARNING: Using default Logger, most probably DriveWorks
         library was linked more than once.
--------------------------------------------------------------

DefaultLogger: [21-06-2023 07:29:10] DefaultLogger: [21-06-2023 07:29:10] DefaultLogger: Failed to open cpuset /sys/fs/cgroup/cpuset/rr2init/tasks, errno: No such file or directory (2)
DefaultLogger: [21-06-2023 07:29:10] DefaultLogger: Failed to set TopExecutor to RR2 init cpuset: /sys/fs/cgroup/cpuset/rr2init/tasks
[21-06-2023 07:29:10] [INFO] Setup Hierarchy for Generic Clone
[21-06-2023 07:29:10] [INFO] Creating Server: schedule_manager 6122
[21-06-2023 07:29:10] [ERROR] Error : Unable to bind helloworld_process0 6122
[2023-06-21T07:29:27.93807Z][INFO][tid:0][Launcher.cpp:1076][Launcher] Got signal: 17 (Child exited), si_pid: 747
[2023-06-21T07:29:27.94111Z][DEBUG][tid:0][Launcher.cpp:1145][Launcher] Sending SIGINT: /usr/local/driveworks/bin/ScheduleManager, name: schedule_manager
[2023-06-21T07:29:27.94672Z][INFO][tid:0][Launcher.cpp:907][Launcher] Process ssm:747 exited successfully.
[2023-06-21T07:30:27.564431Z][INFO][tid:0][Launcher.cpp:1076][Launcher] Got signal: 15 (Terminated), si_pid: 700
[2023-06-21T07:30:27.564836Z][INFO][tid:0][Launcher.cpp:1083][Launcher] This is user exit signal: 15. Wait for gracefully exit done.
[2023-06-21T07:30:27.617100Z][INFO][tid:0][Launcher.cpp:1076][Launcher] Got signal: 17 (Child exited), si_pid: 748
[2023-06-21T07:30:27.617785Z][ERROR][tid:0][Launcher.cpp:911][Launcher] Process helloworld_process0:748 failed with exit code: 217
[2023-06-21T07:30:27.617975Z][ERROR][tid:0][Launcher.cpp:1174][Launcher] There is child process exited abnormally.
[2023-06-21T07:30:27.618235Z][ERROR][tid:0][Launcher.cpp:1265][Launcher] Running processes:
[2023-06-21T07:30:27.618396Z][ERROR][tid:0][Launcher.cpp:1269][Launcher] 	schedule_manager: 749
[2023-06-21T07:30:27.618416Z][ERROR][tid:0][Launcher.cpp:1269][Launcher] 	stm_master: 750
[2023-06-21T07:30:27.618431Z][ERROR][tid:0][Launcher.cpp:1231][Launcher] Killing all live child processes with SIGTERM...
[2023-06-21T07:30:27.829118Z][ERROR][tid:0][Launcher.cpp:917][Launcher] Process stm_master:750 terminated by signal: 6 (Aborted)
[2023-06-21T07:30:57.829416Z][ERROR][tid:0][Launcher.cpp:1202][Launcher] sigtimedwait() timeout.
[2023-06-21T07:30:57.829675Z][ERROR][tid:0][Launcher.cpp:1257][Launcher] Killing all live child processes with SIGKILL...
[2023-06-21T07:30:57.844318Z][ERROR][tid:0][Launcher.cpp:917][Launcher] Process schedule_manager:749 terminated by signal: 9 (Killed)
[2023-06-21T07:30:57.844362Z][INFO][tid:0][Launcher.cpp:974][Launcher] waitForChildExit: No more child process!
[2023-06-21T07:30:57.844370Z][ERROR][tid:0][Launcher.cpp:1220][Launcher] All child processes has been killed successfully.
[2023-06-21T07:30:57.844495Z][DEBUG][tid:0][Launcher.cpp:1450][Launcher] swc_list.txt content:
line 1 : helloworld_process0,127.0.0.1
line 2 : schedule_manager,127.0.0.1
line 3 : 

