appExecutable: stm_master
argv[0] : /usr/local/driveworks/bin/stm_master
argv[1] : --schedule=/home/nvidia/zhensheng/orin_ws/nv_driveworks_demo/target/aarch64/install/example/dwcgf_helloworld/bin/DWCGFHelloworld__standardSchedule.stm
argv[2] : --allow-unregistered-runnables
argv[3] : --soc=TegraA
argv[4] : --timeout-us=60000000
argv[5] : -m
argv[6] : -v
argv[7] : --schedule-manager-name=CGF-ScheduleManager
argv[8] : --num-input-schedule=1
[STM WARNING]:[av/stm/runtime/src/core/stdout.c][logSetVerbose] [25]: Verbose mode has been enabled for STM. ***Note that this mode affects STM latency guarantees, and is meant for use only in debugging. Do not use '-v' for performance testing.
[STM INFO]:[av/stm/runtime/src/master/master.c][stmMasterInitScheduleList] Input Schedule: /home/nvidia/zhensheng/orin_ws/nv_driveworks_demo/target/aarch64/install/example/dwcgf_helloworld/bin/DWCGFHelloworld__standardSchedule.stm
[STM INFO]:[av/stm/runtime/src/master/master.c][stmMasterInitScheduleList] Following 1 schedules provided.
[STM INFO]:[av/stm/runtime/src/master/master.c][stmMasterInitScheduleList] 	 Schedule0 : /home/nvidia/zhensheng/orin_ws/nv_driveworks_demo/target/aarch64/install/example/dwcgf_helloworld/bin/DWCGFHelloworld__standardSchedule.stm.
[STM INFO]:[av/stm/runtime/src/master/master.c][stmMasterInitClientPerSchedule] Schedule ID : 0
[STM INFO]:[av/stm/runtime/src/master/master.c][stmMasterInitClientPerSchedule] 	Client name: helloworld_process0
[STM INFO]:[av/stm/runtime/src/master/master.c][stmMasterInitClientPerSchedule] 	Client soc: TegraA
[STM INFO]:[av/stm/runtime/src/master/master.c][stmMasterInitClientPerSchedule] 	Client name: framesync_TegraA_helloworldHyperepoch_helloworldEpoch
[STM INFO]:[av/stm/runtime/src/master/master.c][stmMasterInitClientPerSchedule] 	Client soc: TegraA
[STM INFO]:[av/stm/runtime/src/master/master.c][stmMasterInitShmMasterPerClient] Total Numbers of thread for schedule 0 : 2
[STM INFO]:[av/stm/runtime/src/master/main.c][main] Client Name helloworld_process0
[STM INFO]:[av/stm/runtime/src/master/main.c][main] Client Name framesync_TegraA_helloworldHyperepoch_helloworldEpoch
[STM INFO]:[av/stm/runtime/src/master/master.c][stmMasterLaunchClient] Launching client: framesync_TegraA_helloworldHyperepoch_helloworldEpoch
[STM INFO]:[av/stm/runtime/src/master/master.c][stmMasterLaunchClient] Launched client framesync_TegraA_helloworldHyperepoch_helloworldEpoch with pid: 26398
[STM] Opening NvSciIpc endpoints...
[STM] Start schedule manager now.
[STM] Waiting for schedule manager : CGF-ScheduleManager ...
[STM] Registered CGF-ScheduleManager with pid 26396
[STM] Schedule manager starting state logic.
[STM] Start clients now.
[STM] Master waiting for all clients to start...
[STM] Waiting for client helloworld_process0...
[STM] Starting state machine thread for STM
[STM INFO]:[av/stm/runtime/src/core/state.c][stmSetState] PID 26397, requesting state transition from STM_STATE_BOOT to STM_STATE_INIT, time : 1675071473807796032
[STM] Registered client helloworld_process0
[STM] Waiting for client framesync_TegraA_helloworldHyperepoch_helloworldEpoch...
[STM] Registered client framesync_TegraA_helloworldHyperepoch_helloworldEpoch
[STM] All clients running...
[STM] Exporting schedule to clients...
[STM] PID 26397, new state STM_STATE_INIT, time : 1675071475022939776
[STM INFO]:[av/stm/runtime/src/core/state.c][stmSetState] PID 26397, requesting state transition from STM_STATE_INIT to STM_STATE_READY, time : 1675071475022976160
[STM] Initializing sync objects for schedule /home/nvidia/zhensheng/orin_ws/nv_driveworks_demo/target/aarch64/install/example/dwcgf_helloworld/bin/DWCGFHelloworld__standardSchedule.stm
[STM] STM clients starting scheduling loop.
[STM] Waiting for specified number of epochs to complete or any STM client to terminate.
[STM] PID 26397, new state STM_STATE_READY, time : 1675071475025024672
[STM INFO]:[av/stm/runtime/src/core/state.c][stmSetState] PID 26396, requesting state transition from STM_STATE_READY to STM_STATE_RUNNING, time : 1675071475025079552
[STM] PID 26396, Schedule Id 0, new state STM_STATE_RUNNING, time : 1675071475026104480
[STM INFO]:[av/stm/runtime/src/core/state.c][stmSetState] PID 26395, requesting state transition from STM_STATE_RUNNING to STM_STATE_EXIT, time : 1675071479857300832
[STM] PID 26395, new state STM_STATE_EXIT, time : 1675071479977160672
[STM INFO]:[av/stm/runtime/src/core/state.c][stmSetState] PID 26398, requesting state transition from STM_STATE_EXIT to STM_STATE_EXIT, time : 1675071479977171392
